<?xml version="1.0" encoding="UTF-8"?>
<!-- Generated by org.testng.reporters.JUnitXMLReporter -->
<testsuite ignored="0" hostname="BG3NB075" failures="1" tests="1" name="Parameterization Test" time="0.108" errors="0" timestamp="2024-06-24T16:43:05 IST">
  <testcase classname="Parameterization.Parameter" name="login" time="0.0">
    <failure type="org.testng.TestNGException" message="
Parameter &amp;apos;Password&amp;apos; is required by @Test on method login but has not been marked @Optional or defined
in D:\ECLIPSE WORKSPACE\TestNG\Parameterization.xml">
      <![CDATA[org.testng.TestNGException: 
Parameter 'Password' is required by @Test on method login but has not been marked @Optional or defined
in D:\ECLIPSE WORKSPACE\TestNG\Parameterization.xml
at java.base/java.util.ArrayList.forEach(ArrayList.java:1596)
... Removed 26 stack frames]]>
    </failure>
  </testcase> <!-- login -->
</testsuite> <!-- Parameterization Test -->
