<?xml version="1.0" encoding="UTF-8"?>
<testng-results ignored="0" total="1" passed="0" failed="1" skipped="0">
  <reporter-output>
  </reporter-output>
  <suite started-at="2024-06-25T17:22:46 IST" name="Suite" finished-at="2024-06-25T17:22:58 IST" duration-ms="12857">
    <groups>
    </groups>
    <test started-at="2024-06-25T17:22:46 IST" name="Test" finished-at="2024-06-25T17:22:58 IST" duration-ms="12857">
      <class name="Failed_TC_ScreenCapture.ScreenCapture">
        <test-method is-config="true" signature="setup(java.lang.String)[pri:0, instance:Failed_TC_ScreenCapture.ScreenCapture@694abbdc]" started-at="2024-06-25T17:22:46 IST" name="setup" finished-at="2024-06-25T17:22:52 IST" duration-ms="6375" status="PASS">
          <params>
            <param index="0">
              <value>
                <![CDATA[Chrome]]>
              </value>
            </param>
          </params>
          <reporter-output>
          </reporter-output>
        </test-method> <!-- setup -->
        <test-method signature="formDemo()[pri:0, instance:Failed_TC_ScreenCapture.ScreenCapture@694abbdc]" started-at="2024-06-25T17:22:52 IST" name="formDemo" finished-at="2024-06-25T17:22:58 IST" duration-ms="5498" status="FAIL">
          <exception class="java.lang.AssertionError">
            <message>
              <![CDATA[The message displayed is not as expected. expected [India00] but found [India]]]>
            </message>
            <full-stacktrace>
              <![CDATA[java.lang.AssertionError: The message displayed is not as expected. expected [India00] but found [India]
at org.testng.Assert.fail(Assert.java:99)
at org.testng.Assert.failNotEquals(Assert.java:1037)
at org.testng.Assert.assertEqualsImpl(Assert.java:140)
at org.testng.Assert.assertEquals(Assert.java:122)
at org.testng.Assert.assertEquals(Assert.java:629)
at Failed_TC_ScreenCapture.ScreenCapture.formDemo(ScreenCapture.java:55)
at java.base/jdk.internal.reflect.DirectMethodHandleAccessor.invoke(DirectMethodHandleAccessor.java:103)
at java.base/java.lang.reflect.Method.invoke(Method.java:580)
at org.testng.internal.MethodInvocationHelper.invokeMethod(MethodInvocationHelper.java:133)
at org.testng.internal.TestInvoker.invokeMethod(TestInvoker.java:598)
at org.testng.internal.TestInvoker.invokeTestMethod(TestInvoker.java:173)
at org.testng.internal.MethodRunner.runInSequence(MethodRunner.java:46)
at org.testng.internal.TestInvoker$MethodInvocationAgent.invoke(TestInvoker.java:824)
at org.testng.internal.TestInvoker.invokeTestMethods(TestInvoker.java:146)
at org.testng.internal.TestMethodWorker.invokeTestMethods(TestMethodWorker.java:146)
at org.testng.internal.TestMethodWorker.run(TestMethodWorker.java:128)
at java.base/java.util.ArrayList.forEach(ArrayList.java:1596)
at org.testng.TestRunner.privateRun(TestRunner.java:794)
at org.testng.TestRunner.run(TestRunner.java:596)
at org.testng.SuiteRunner.runTest(SuiteRunner.java:377)
at org.testng.SuiteRunner.runSequentially(SuiteRunner.java:371)
at org.testng.SuiteRunner.privateRun(SuiteRunner.java:332)
at org.testng.SuiteRunner.run(SuiteRunner.java:276)
at org.testng.SuiteRunnerWorker.runSuite(SuiteRunnerWorker.java:53)
at org.testng.SuiteRunnerWorker.run(SuiteRunnerWorker.java:96)
at org.testng.TestNG.runSuitesSequentially(TestNG.java:1212)
at org.testng.TestNG.runSuitesLocally(TestNG.java:1134)
at org.testng.TestNG.runSuites(TestNG.java:1063)
at org.testng.TestNG.run(TestNG.java:1031)
at org.testng.remote.AbstractRemoteTestNG.run(AbstractRemoteTestNG.java:115)
at org.testng.remote.RemoteTestNG.initAndRun(RemoteTestNG.java:293)
at org.testng.remote.RemoteTestNG.main(RemoteTestNG.java:91)
]]>
            </full-stacktrace>
          </exception> <!-- java.lang.AssertionError -->
          <reporter-output>
          </reporter-output>
        </test-method> <!-- formDemo -->
        <test-method is-config="true" signature="TakeScreenShort(org.testng.ITestResult)[pri:0, instance:Failed_TC_ScreenCapture.ScreenCapture@694abbdc]" started-at="2024-06-25T17:22:58 IST" name="TakeScreenShort" finished-at="2024-06-25T17:22:58 IST" duration-ms="856" status="PASS">
          <params>
            <param index="0">
              <value>
                <![CDATA[[TestResult name=formDemo status=FAILURE method=ScreenCapture.formDemo()[pri:0, instance:Failed_TC_ScreenCapture.ScreenCapture@694abbdc] output={null}]]]>
              </value>
            </param>
          </params>
          <reporter-output>
          </reporter-output>
        </test-method> <!-- TakeScreenShort -->
      </class> <!-- Failed_TC_ScreenCapture.ScreenCapture -->
    </test> <!-- Test -->
  </suite> <!-- Suite -->
</testng-results>
